<?xml version="1.0" encoding="UTF-8"?>
<testsuite xmlns:xsi="http://www.w3.org/2001/XMLSchema-instance" xsi:noNamespaceSchemaLocation="https://maven.apache.org/surefire/maven-surefire-plugin/xsd/surefire-test-report.xsd" name="runner.TestRunner" time="147.162" tests="4" errors="3" skipped="0" failures="0">
  <properties>
[...]
</properties>
  <testcase name="User verify all items are present in destops tap" classname="Desktops Tab" time="26.675"/>
  <testcase name="User add HP LP 3065 from Desktops tab to the cart" classname="Desktops Tab" time="47.787">
    <error message="element not interactable&#10;  (Session info: chrome=102.0.5005.115)&#10;Build info: version: &apos;3.141.59&apos;, revision: &apos;e82be7d358&apos;, time: &apos;2018-11-14T08:17:03&apos;&#10;System info: host: &apos;HOSNIA-ZIAYEEN&apos;, ip: &apos;192.168.1.240&apos;, os.name: &apos;Windows 11&apos;, os.arch: &apos;amd64&apos;, os.version: &apos;10.0&apos;, java.version: &apos;17.0.3&apos;&#10;Driver info: org.openqa.selenium.chrome.ChromeDriver&#10;Capabilities {acceptInsecureCerts: false, browserName: chrome, browserVersion: 102.0.5005.115, chrome: {chromedriverVersion: 102.0.5005.61 (0e59bcc00cc4..., userDataDir: C:\Users\HOSNIA~1\AppData\L...}, goog:chromeOptions: {debuggerAddress: localhost:57062}, javascriptEnabled: true, networkConnectionEnabled: false, pageLoadStrategy: normal, platform: WINDOWS, platformName: WINDOWS, proxy: Proxy(), setWindowRect: true, strictFileInteractability: false, timeouts: {implicit: 0, pageLoad: 300000, script: 30000}, unhandledPromptBehavior: dismiss and notify, webauthn:extension:credBlob: true, webauthn:extension:largeBlob: true, webauthn:virtualAuthenticators: true}&#10;Session ID: 7a88512fcd353c027b79ede479721a43" type="org.openqa.selenium.ElementNotInteractableException">org.openqa.selenium.ElementNotInteractableException: 
element not interactable
  (Session info: chrome=102.0.5005.115)
Build info: version: '3.141.59', revision: 'e82be7d358', time: '2018-11-14T08:17:03'
System info: host: 'HOSNIA-ZIAYEEN', ip: '192.168.1.240', os.name: 'Windows 11', os.arch: 'amd64', os.version: '10.0', java.version: '17.0.3'
Driver info: org.openqa.selenium.chrome.ChromeDriver
Capabilities {acceptInsecureCerts: false, browserName: chrome, browserVersion: 102.0.5005.115, chrome: {chromedriverVersion: 102.0.5005.61 (0e59bcc00cc4..., userDataDir: C:\Users\HOSNIA~1\AppData\L...}, goog:chromeOptions: {debuggerAddress: localhost:57062}, javascriptEnabled: true, networkConnectionEnabled: false, pageLoadStrategy: normal, platform: WINDOWS, platformName: WINDOWS, proxy: Proxy(), setWindowRect: true, strictFileInteractability: false, timeouts: {implicit: 0, pageLoad: 300000, script: 30000}, unhandledPromptBehavior: dismiss and notify, webauthn:extension:credBlob: true, webauthn:extension:largeBlob: true, webauthn:virtualAuthenticators: true}
Session ID: 7a88512fcd353c027b79ede479721a43
</error>
    <system-out><![CDATA[
@completTest1 @SmokeTest
Scenario: User add HP LP 3065 from Desktops tab to the cart                                    # src/test/resources/feature/DesktopsPage.feature:12
 INFO [main] (Initializer.java:19)- Scenario User add HP LP 3065 from Desktops tab to the cart started
 INFO [main] (RetailStepDefinition.java:24)- user is on Retail website
  Given User is on Retail website                                                              # stepDefinition.RetailStepDefinition.user_is_on_Retail_website()
 INFO [main] (DesktopStepDefinition.java:37)- user clicked on Desktops tab
  When User click on Desktops tab                                                              # stepDefinition.DesktopStepDefinition.user_click_on_Desktops_tab()
  And User click on Show all desktops                                                          # stepDefinition.DesktopStepDefinition.userClickOnShowAllDesktops()
      org.openqa.selenium.ElementNotInteractableException: element not interactable
  (Session info: chrome=102.0.5005.115)
Build info: version: '3.141.59', revision: 'e82be7d358', time: '2018-11-14T08:17:03'
System info: host: 'HOSNIA-ZIAYEEN', ip: '192.168.1.240', os.name: 'Windows 11', os.arch: 'amd64', os.version: '10.0', java.version: '17.0.3'
Driver info: org.openqa.selenium.chrome.ChromeDriver
Capabilities {acceptInsecureCerts: false, browserName: chrome, browserVersion: 102.0.5005.115, chrome: {chromedriverVersion: 102.0.5005.61 (0e59bcc00cc4..., userDataDir: C:\Users\HOSNIA~1\AppData\L...}, goog:chromeOptions: {debuggerAddress: localhost:57062}, javascriptEnabled: true, networkConnectionEnabled: false, pageLoadStrategy: normal, platform: WINDOWS, platformName: WINDOWS, proxy: Proxy(), setWindowRect: true, strictFileInteractability: false, timeouts: {implicit: 0, pageLoad: 300000, script: 30000}, unhandledPromptBehavior: dismiss and notify, webauthn:extension:credBlob: true, webauthn:extension:largeBlob: true, webauthn:virtualAuthenticators: true}
Session ID: 7a88512fcd353c027b79ede479721a43
	at java.base/jdk.internal.reflect.NativeConstructorAccessorImpl.newInstance0(Native Method)
	at java.base/jdk.internal.reflect.NativeConstructorAccessorImpl.newInstance(NativeConstructorAccessorImpl.java:77)
	at java.base/jdk.internal.reflect.DelegatingConstructorAccessorImpl.newInstance(DelegatingConstructorAccessorImpl.java:45)
	at java.base/java.lang.reflect.Constructor.newInstanceWithCaller(Constructor.java:499)
	at java.base/java.lang.reflect.Constructor.newInstance(Constructor.java:480)
	at org.openqa.selenium.remote.http.W3CHttpResponseCodec.createException(W3CHttpResponseCodec.java:187)
	at org.openqa.selenium.remote.http.W3CHttpResponseCodec.decode(W3CHttpResponseCodec.java:122)
	at org.openqa.selenium.remote.http.W3CHttpResponseCodec.decode(W3CHttpResponseCodec.java:49)
	at org.openqa.selenium.remote.HttpCommandExecutor.execute(HttpCommandExecutor.java:158)
	at org.openqa.selenium.remote.service.DriverCommandExecutor.execute(DriverCommandExecutor.java:83)
	at org.openqa.selenium.remote.RemoteWebDriver.execute(RemoteWebDriver.java:552)
	at org.openqa.selenium.remote.RemoteWebElement.execute(RemoteWebElement.java:285)
	at org.openqa.selenium.remote.RemoteWebElement.click(RemoteWebElement.java:84)
	at java.base/jdk.internal.reflect.NativeMethodAccessorImpl.invoke0(Native Method)
	at java.base/jdk.internal.reflect.NativeMethodAccessorImpl.invoke(NativeMethodAccessorImpl.java:77)
	at java.base/jdk.internal.reflect.DelegatingMethodAccessorImpl.invoke(DelegatingMethodAccessorImpl.java:43)
	at java.base/java.lang.reflect.Method.invoke(Method.java:568)
	at org.openqa.selenium.support.pagefactory.internal.LocatingElementHandler.invoke(LocatingElementHandler.java:51)
	at jdk.proxy2/jdk.proxy2.$Proxy21.click(Unknown Source)
	at pageObjects.DesktopPageObject.clickOnShowAllDesktops(DesktopPageObject.java:78)
	at stepDefinition.DesktopStepDefinition.userClickOnShowAllDesktops(DesktopStepDefinition.java:44)
	at âœ½.User click on Show all desktops(file:///C:/Users/Hosnia%20Ziayeen/workspace/us.tekschool.capstone.bdd/./src/test/resources/feature/DesktopsPage.feature:7)

  When User click ADD TO CART option HP LP3065item                                             # null
  When User select quantity '1'                                                                # stepDefinition.DesktopStepDefinition.user_select_quantity(java.lang.String)
  And User click add to Cart button                                                            # stepDefinition.DesktopStepDefinition.user_click_add_to_cart_button()
  Then User should see a message 'Success: You have added Canon EOS 5D to your shopping cart!' # stepDefinition.DesktopStepDefinition.user_should_see_a_message(java.lang.String)
 INFO [main] (Initializer.java:29)- Scenario User add HP LP 3065 from Desktops tab to the cart FAILED
]]></system-out>
    <system-err><![CDATA[Starting ChromeDriver 102.0.5005.61 (0e59bcc00cc4985ce39ad31c150065f159d95ad3-refs/branch-heads/5005@{#819}) on port 55601
Only local connections are allowed.
Please see https://chromedriver.chromium.org/security-considerations for suggestions on keeping ChromeDriver safe.
ChromeDriver was started successfully.
Jun 27, 2022 5:31:34 PM org.openqa.selenium.remote.ProtocolHandshake createSession
INFO: Detected dialect: W3C
]]></system-err>
  </testcase>
  <testcase name="User add Canon EOS 5D From Desktops tab to the cart" classname="Desktops Tab" time="49.259">
    <error message="no such element: Unable to locate element: {&quot;method&quot;:&quot;css selector&quot;,&quot;selector&quot;:&quot;#input\-quantity&quot;}&#10;  (Session info: chrome=102.0.5005.115)&#10;For documentation on this error, please visit: https://www.seleniumhq.org/exceptions/no_such_element.html&#10;Build info: version: &apos;3.141.59&apos;, revision: &apos;e82be7d358&apos;, time: &apos;2018-11-14T08:17:03&apos;&#10;System info: host: &apos;HOSNIA-ZIAYEEN&apos;, ip: &apos;192.168.1.240&apos;, os.name: &apos;Windows 11&apos;, os.arch: &apos;amd64&apos;, os.version: &apos;10.0&apos;, java.version: &apos;17.0.3&apos;&#10;Driver info: org.openqa.selenium.chrome.ChromeDriver&#10;Capabilities {acceptInsecureCerts: false, browserName: chrome, browserVersion: 102.0.5005.115, chrome: {chromedriverVersion: 102.0.5005.61 (0e59bcc00cc4..., userDataDir: C:\Users\HOSNIA~1\AppData\L...}, goog:chromeOptions: {debuggerAddress: localhost:57103}, javascriptEnabled: true, networkConnectionEnabled: false, pageLoadStrategy: normal, platform: WINDOWS, platformName: WINDOWS, proxy: Proxy(), setWindowRect: true, strictFileInteractability: false, timeouts: {implicit: 0, pageLoad: 300000, script: 30000}, unhandledPromptBehavior: dismiss and notify, webauthn:extension:credBlob: true, webauthn:extension:largeBlob: true, webauthn:virtualAuthenticators: true}&#10;Session ID: 8e97be768ac449e8e4cbc54afd5f96b0&#10;*** Element info: {Using=id, value=input-quantity}" type="org.openqa.selenium.NoSuchElementException">org.openqa.selenium.NoSuchElementException: 
no such element: Unable to locate element: {"method":"css selector","selector":"#input\-quantity"}
  (Session info: chrome=102.0.5005.115)
For documentation on this error, please visit: https://www.seleniumhq.org/exceptions/no_such_element.html
Build info: version: '3.141.59', revision: 'e82be7d358', time: '2018-11-14T08:17:03'
System info: host: 'HOSNIA-ZIAYEEN', ip: '192.168.1.240', os.name: 'Windows 11', os.arch: 'amd64', os.version: '10.0', java.version: '17.0.3'
Driver info: org.openqa.selenium.chrome.ChromeDriver
Capabilities {acceptInsecureCerts: false, browserName: chrome, browserVersion: 102.0.5005.115, chrome: {chromedriverVersion: 102.0.5005.61 (0e59bcc00cc4..., userDataDir: C:\Users\HOSNIA~1\AppData\L...}, goog:chromeOptions: {debuggerAddress: localhost:57103}, javascriptEnabled: true, networkConnectionEnabled: false, pageLoadStrategy: normal, platform: WINDOWS, platformName: WINDOWS, proxy: Proxy(), setWindowRect: true, strictFileInteractability: false, timeouts: {implicit: 0, pageLoad: 300000, script: 30000}, unhandledPromptBehavior: dismiss and notify, webauthn:extension:credBlob: true, webauthn:extension:largeBlob: true, webauthn:virtualAuthenticators: true}
Session ID: 8e97be768ac449e8e4cbc54afd5f96b0
*** Element info: {Using=id, value=input-quantity}
</error>
    <system-out><![CDATA[
@completTest1
Scenario: User add Canon EOS 5D From Desktops tab to the cart                                       # src/test/resources/feature/DesktopsPage.feature:18
 INFO [main] (Initializer.java:19)- Scenario User add Canon EOS 5D From Desktops tab to the cart started
 INFO [main] (RetailStepDefinition.java:24)- user is on Retail website
  Given User is on Retail website                                                                   # stepDefinition.RetailStepDefinition.user_is_on_Retail_website()
 INFO [main] (DesktopStepDefinition.java:37)- user clicked on Desktops tab
  When User click on Desktops tab                                                                   # stepDefinition.DesktopStepDefinition.user_click_on_Desktops_tab()
 INFO [main] (DesktopStepDefinition.java:45)- user clicked on Show all desktops
  And User click on Show all desktops                                                               # stepDefinition.DesktopStepDefinition.userClickOnShowAllDesktops()
  And User click ADD TO CART option on Canon EOS 5Ditem                                             # stepDefinition.DesktopStepDefinition.user_click_add_to_cart_option_on_canon_eos_5ditem()
  And User select color from dropdown Red                                                           # stepDefinition.DesktopStepDefinition.user_select_color_from_dropdown_Red()
  And User select quantity '1'                                                                      # stepDefinition.DesktopStepDefinition.user_select_quantity(java.lang.String)
      org.openqa.selenium.NoSuchElementException: no such element: Unable to locate element: {"method":"css selector","selector":"#input\-quantity"}
  (Session info: chrome=102.0.5005.115)
For documentation on this error, please visit: https://www.seleniumhq.org/exceptions/no_such_element.html
Build info: version: '3.141.59', revision: 'e82be7d358', time: '2018-11-14T08:17:03'
System info: host: 'HOSNIA-ZIAYEEN', ip: '192.168.1.240', os.name: 'Windows 11', os.arch: 'amd64', os.version: '10.0', java.version: '17.0.3'
Driver info: org.openqa.selenium.chrome.ChromeDriver
Capabilities {acceptInsecureCerts: false, browserName: chrome, browserVersion: 102.0.5005.115, chrome: {chromedriverVersion: 102.0.5005.61 (0e59bcc00cc4..., userDataDir: C:\Users\HOSNIA~1\AppData\L...}, goog:chromeOptions: {debuggerAddress: localhost:57103}, javascriptEnabled: true, networkConnectionEnabled: false, pageLoadStrategy: normal, platform: WINDOWS, platformName: WINDOWS, proxy: Proxy(), setWindowRect: true, strictFileInteractability: false, timeouts: {implicit: 0, pageLoad: 300000, script: 30000}, unhandledPromptBehavior: dismiss and notify, webauthn:extension:credBlob: true, webauthn:extension:largeBlob: true, webauthn:virtualAuthenticators: true}
Session ID: 8e97be768ac449e8e4cbc54afd5f96b0
*** Element info: {Using=id, value=input-quantity}
	at java.base/jdk.internal.reflect.NativeConstructorAccessorImpl.newInstance0(Native Method)
	at java.base/jdk.internal.reflect.NativeConstructorAccessorImpl.newInstance(NativeConstructorAccessorImpl.java:77)
	at java.base/jdk.internal.reflect.DelegatingConstructorAccessorImpl.newInstance(DelegatingConstructorAccessorImpl.java:45)
	at java.base/java.lang.reflect.Constructor.newInstanceWithCaller(Constructor.java:499)
	at java.base/java.lang.reflect.Constructor.newInstance(Constructor.java:480)
	at org.openqa.selenium.remote.http.W3CHttpResponseCodec.createException(W3CHttpResponseCodec.java:187)
	at org.openqa.selenium.remote.http.W3CHttpResponseCodec.decode(W3CHttpResponseCodec.java:122)
	at org.openqa.selenium.remote.http.W3CHttpResponseCodec.decode(W3CHttpResponseCodec.java:49)
	at org.openqa.selenium.remote.HttpCommandExecutor.execute(HttpCommandExecutor.java:158)
	at org.openqa.selenium.remote.service.DriverCommandExecutor.execute(DriverCommandExecutor.java:83)
	at org.openqa.selenium.remote.RemoteWebDriver.execute(RemoteWebDriver.java:552)
	at org.openqa.selenium.remote.RemoteWebDriver.findElement(RemoteWebDriver.java:323)
	at org.openqa.selenium.remote.RemoteWebDriver.findElementById(RemoteWebDriver.java:372)
	at org.openqa.selenium.By$ById.findElement(By.java:188)
	at org.openqa.selenium.remote.RemoteWebDriver.findElement(RemoteWebDriver.java:315)
	at org.openqa.selenium.support.pagefactory.DefaultElementLocator.findElement(DefaultElementLocator.java:69)
	at org.openqa.selenium.support.pagefactory.internal.LocatingElementHandler.invoke(LocatingElementHandler.java:38)
	at jdk.proxy2/jdk.proxy2.$Proxy21.clear(Unknown Source)
	at pageObjects.DesktopPageObject.selectQuantity(DesktopPageObject.java:91)
	at stepDefinition.DesktopStepDefinition.user_select_quantity(DesktopStepDefinition.java:75)
	at âœ½.User select quantity '1'(file:///C:/Users/Hosnia%20Ziayeen/workspace/us.tekschool.capstone.bdd/./src/test/resources/feature/DesktopsPage.feature:21)

  And User click add to Cart button                                                                 # stepDefinition.DesktopStepDefinition.user_click_add_to_cart_button()
  Then User should see a message like 'Success: You have added Canon EOS 5D to your shopping cart!' # stepDefinition.DesktopStepDefinition.user_should_see_a_message_like(java.lang.String)
 INFO [main] (Initializer.java:29)- Scenario User add Canon EOS 5D From Desktops tab to the cart FAILED
]]></system-out>
    <system-err><![CDATA[Starting ChromeDriver 102.0.5005.61 (0e59bcc00cc4985ce39ad31c150065f159d95ad3-refs/branch-heads/5005@{#819}) on port 41765
Only local connections are allowed.
Please see https://chromedriver.chromium.org/security-considerations for suggestions on keeping ChromeDriver safe.
ChromeDriver was started successfully.
Jun 27, 2022 5:32:21 PM org.openqa.selenium.remote.ProtocolHandshake createSession
INFO: Detected dialect: W3C
]]></system-err>
  </testcase>
  <testcase name="User add a review to Canon EOS 5D item in Desktops tab" classname="Desktops Tab" time="18.671">
    <error message="The step &apos;User click on Canon EOS 5D item&apos; and 1 other step(s) are undefined.&#10;You can implement these steps using the snippet(s) below:&#10;&#10;@When(&quot;User click on Canon EOS 5D item&quot;)&#10;public void user_click_on_canon_eos_5d_item() {&#10;    // Write code here that turns the phrase above into concrete actions&#10;    throw new io.cucumber.java.PendingException();&#10;}&#10;@When(&quot;User fill the review information with below information&quot;)&#10;public void user_fill_the_review_information_with_below_information(io.cucumber.datatable.DataTable dataTable) {&#10;    // Write code here that turns the phrase above into concrete actions&#10;    // For automatic transformation, change DataTable to one of&#10;    // E, List&lt;E&gt;, List&lt;List&lt;E&gt;&gt;, List&lt;Map&lt;K,V&gt;&gt;, Map&lt;K,V&gt; or&#10;    // Map&lt;K, List&lt;V&gt;&gt;. E,K,V must be a String, Integer, Float,&#10;    // Double, Byte, Short, Long, BigInteger or BigDecimal.&#10;    //&#10;    // For other transformations you can register a DataTableType.&#10;    throw new io.cucumber.java.PendingException();&#10;}&#10;" type="io.cucumber.junit.UndefinedStepException"><![CDATA[io.cucumber.junit.UndefinedStepException: 
The step 'User click on Canon EOS 5D item' and 1 other step(s) are undefined.
You can implement these steps using the snippet(s) below:

@When("User click on Canon EOS 5D item")
public void user_click_on_canon_eos_5d_item() {
    // Write code here that turns the phrase above into concrete actions
    throw new io.cucumber.java.PendingException();
}
@When("User fill the review information with below information")
public void user_fill_the_review_information_with_below_information(io.cucumber.datatable.DataTable dataTable) {
    // Write code here that turns the phrase above into concrete actions
    // For automatic transformation, change DataTable to one of
    // E, List<E>, List<List<E>>, List<Map<K,V>>, Map<K,V> or
    // Map<K, List<V>>. E,K,V must be a String, Integer, Float,
    // Double, Byte, Short, Long, BigInteger or BigDecimal.
    //
    // For other transformations you can register a DataTableType.
    throw new io.cucumber.java.PendingException();
}

]]></error>
    <system-out><![CDATA[
@completTest1
Scenario: User add a review to Canon EOS 5D item in Desktops tab                         # src/test/resources/feature/DesktopsPage.feature:25
 INFO [main] (Initializer.java:19)- Scenario User add a review to Canon EOS 5D item in Desktops tab started
 INFO [main] (RetailStepDefinition.java:24)- user is on Retail website
  Given User is on Retail website                                                        # stepDefinition.RetailStepDefinition.user_is_on_Retail_website()
 INFO [main] (DesktopStepDefinition.java:37)- user clicked on Desktops tab
  When User click on Desktops tab                                                        # stepDefinition.DesktopStepDefinition.user_click_on_Desktops_tab()
 INFO [main] (DesktopStepDefinition.java:45)- user clicked on Show all desktops
  And User click on Show all desktops                                                    # stepDefinition.DesktopStepDefinition.userClickOnShowAllDesktops()
  And User click on Canon EOS 5D item                                                    # null
  And User click on write a review link                                                  # stepDefinition.DesktopStepDefinition.user_click_on_write_a_review_link()
  And User fill the review information with below information                            # null
  And User click on Continue Button                                                      # stepDefinition.DesktopStepDefinition.user_click_on_continue_button()
  Then User should see a message with 'Thank you for your review. It has been submitted' # stepDefinition.DesktopStepDefinition.user_should_see_a_message_with(java.lang.String)
 INFO [main] (Initializer.java:29)- Scenario User add a review to Canon EOS 5D item in Desktops tab UNDEFINED
]]></system-out>
    <system-err><![CDATA[Starting ChromeDriver 102.0.5005.61 (0e59bcc00cc4985ce39ad31c150065f159d95ad3-refs/branch-heads/5005@{#819}) on port 31715
Only local connections are allowed.
Please see https://chromedriver.chromium.org/security-considerations for suggestions on keeping ChromeDriver safe.
ChromeDriver was started successfully.
Jun 27, 2022 5:33:11 PM org.openqa.selenium.remote.ProtocolHandshake createSession
INFO: Detected dialect: W3C
]]></system-err>
  </testcase>
</testsuite>